-------------------------------------------------------------------------------
Test set: pt.ulisboa.tecnico.softeng.broker.domain.BrokerPersistenceTest
-------------------------------------------------------------------------------
Tests run: 1, Failures: 1, Errors: 0, Skipped: 0, Time elapsed: 0.245 sec <<< FAILURE! - in pt.ulisboa.tecnico.softeng.broker.domain.BrokerPersistenceTest
success(pt.ulisboa.tecnico.softeng.broker.domain.BrokerPersistenceTest)  Time elapsed: 0.23 sec  <<< FAILURE!
java.lang.AssertionError: expected:<1> but was:<2>
	at pt.ulisboa.tecnico.softeng.broker.domain.BrokerPersistenceTest.advised$atomicAssert(BrokerPersistenceTest.java:40)

