# JRE version: Java(TM) SE Runtime Environment (8.0_162-b12) (build 1.8.0_162-b12)
# Java VM: Java HotSpot(TM) 64-Bit Server VM (25.162-b12 mixed mode linux-amd64 compressed oops)
Heap:
 PSYoungGen      total 130560K, used 3057K [0x00000000d7100000, 0x00000000df700000, 0x0000000100000000)
  eden space 124416K, 0% used [0x00000000d7100000,0x00000000d7100000,0x00000000dea80000)
  from space 6144K, 49% used [0x00000000dea80000,0x00000000ded7c760,0x00000000df080000)
  to   space 5632K, 0% used [0x00000000df080000,0x00000000df080000,0x00000000df600000)
 ParOldGen       total 47104K, used 6817K [0x0000000085200000, 0x0000000088000000, 0x00000000d7100000)
  object space 47104K, 14% used [0x0000000085200000,0x00000000858a8568,0x0000000088000000)
 Metaspace       used 24521K, capacity 24864K, committed 25008K, reserved 1071104K
  class space    used 2569K, capacity 2662K, committed 2736K, reserved 1048576K
GC Heap History (10 events):
Event: 2,151 GC heap after
Heap after GC invocations=5 (full 0):
 PSYoungGen      total 36864K, used 3451K [0x00000000d7100000, 0x00000000db700000, 0x0000000100000000)
  eden space 31744K, 0% used [0x00000000d7100000,0x00000000d7100000,0x00000000d9000000)
  from space 5120K, 67% used [0x00000000d9000000,0x00000000d935ee50,0x00000000d9500000)
  to   space 4096K, 0% used [0x00000000db300000,0x00000000db300000,0x00000000db700000)
 ParOldGen       total 84992K, used 96K [0x0000000085200000, 0x000000008a500000, 0x00000000d7100000)
  object space 84992K, 0% used [0x0000000085200000,0x0000000085218010,0x000000008a500000)
 Metaspace       used 14100K, capacity 14308K, committed 14464K, reserved 1062912K
  class space    used 1537K, capacity 1606K, committed 1664K, reserved 1048576K
}
Event: 2,313 GC heap before
{Heap before GC invocations=6 (full 0):
 PSYoungGen      total 36864K, used 35195K [0x00000000d7100000, 0x00000000db700000, 0x0000000100000000)
  eden space 31744K, 100% used [0x00000000d7100000,0x00000000d9000000,0x00000000d9000000)
  from space 5120K, 67% used [0x00000000d9000000,0x00000000d935ee50,0x00000000d9500000)
  to   space 4096K, 0% used [0x00000000db300000,0x00000000db300000,0x00000000db700000)
 ParOldGen       total 84992K, used 96K [0x0000000085200000, 0x000000008a500000, 0x00000000d7100000)
  object space 84992K, 0% used [0x0000000085200000,0x0000000085218010,0x000000008a500000)
 Metaspace       used 15600K, capacity 15812K, committed 16128K, reserved 1062912K
  class space    used 1704K, capacity 1766K, committed 1792K, reserved 1048576K
Event: 2,327 GC heap after
Heap after GC invocations=6 (full 0):
 PSYoungGen      total 66560K, used 4083K [0x00000000d7100000, 0x00000000db900000, 0x0000000100000000)
  eden space 62464K, 0% used [0x00000000d7100000,0x00000000d7100000,0x00000000dae00000)
  from space 4096K, 99% used [0x00000000db300000,0x00000000db6fcdb0,0x00000000db700000)
  to   space 5120K, 0% used [0x00000000dae00000,0x00000000dae00000,0x00000000db300000)
 ParOldGen       total 84992K, used 763K [0x0000000085200000, 0x000000008a500000, 0x00000000d7100000)
  object space 84992K, 0% used [0x0000000085200000,0x00000000852befa8,0x000000008a500000)
 Metaspace       used 15600K, capacity 15812K, committed 16128K, reserved 1062912K
  class space    used 1704K, capacity 1766K, committed 1792K, reserved 1048576K
}
Event: 2,888 GC heap before
{Heap before GC invocations=7 (full 0):
 PSYoungGen      total 66560K, used 66547K [0x00000000d7100000, 0x00000000db900000, 0x0000000100000000)
  eden space 62464K, 100% used [0x00000000d7100000,0x00000000dae00000,0x00000000dae00000)
  from space 4096K, 99% used [0x00000000db300000,0x00000000db6fcdb0,0x00000000db700000)
  to   space 5120K, 0% used [0x00000000dae00000,0x00000000dae00000,0x00000000db300000)
 ParOldGen       total 84992K, used 763K [0x0000000085200000, 0x000000008a500000, 0x00000000d7100000)
  object space 84992K, 0% used [0x0000000085200000,0x00000000852befa8,0x000000008a500000)
 Metaspace       used 18904K, capacity 19152K, committed 19328K, reserved 1067008K
  class space    used 2013K, capacity 2088K, committed 2176K, reserved 1048576K
Event: 2,896 GC heap after
Heap after GC invocations=7 (full 0):
 PSYoungGen      total 67584K, used 4968K [0x00000000d7100000, 0x00000000df600000, 0x0000000100000000)
  eden space 62464K, 0% used [0x00000000d7100000,0x00000000d7100000,0x00000000dae00000)
  from space 5120K, 97% used [0x00000000dae00000,0x00000000db2da008,0x00000000db300000)
  to   space 5632K, 0% used [0x00000000df080000,0x00000000df080000,0x00000000df600000)
 ParOldGen       total 84992K, used 2251K [0x0000000085200000, 0x000000008a500000, 0x00000000d7100000)
  object space 84992K, 2% used [0x0000000085200000,0x0000000085432cc0,0x000000008a500000)
 Metaspace       used 18904K, capacity 19152K, committed 19328K, reserved 1067008K
  class space    used 2013K, capacity 2088K, committed 2176K, reserved 1048576K
}
Event: 3,329 GC heap before
{Heap before GC invocations=8 (full 0):
 PSYoungGen      total 67584K, used 52544K [0x00000000d7100000, 0x00000000df600000, 0x0000000100000000)
  eden space 62464K, 76% used [0x00000000d7100000,0x00000000d9f76350,0x00000000dae00000)
  from space 5120K, 97% used [0x00000000dae00000,0x00000000db2da008,0x00000000db300000)
  to   space 5632K, 0% used [0x00000000df080000,0x00000000df080000,0x00000000df600000)
 ParOldGen       total 84992K, used 2251K [0x0000000085200000, 0x000000008a500000, 0x00000000d7100000)
  object space 84992K, 2% used [0x0000000085200000,0x0000000085432cc0,0x000000008a500000)
 Metaspace       used 20909K, capacity 21142K, committed 21296K, reserved 1069056K
  class space    used 2234K, capacity 2307K, committed 2352K, reserved 1048576K
Event: 3,351 GC heap after
Heap after GC invocations=8 (full 0):
 PSYoungGen      total 130048K, used 4882K [0x00000000d7100000, 0x00000000df700000, 0x0000000100000000)
  eden space 124416K, 0% used [0x00000000d7100000,0x00000000d7100000,0x00000000dea80000)
  from space 5632K, 86% used [0x00000000df080000,0x00000000df5448e0,0x00000000df600000)
  to   space 6144K, 0% used [0x00000000dea80000,0x00000000dea80000,0x00000000df080000)
 ParOldGen       total 84992K, used 2778K [0x0000000085200000, 0x000000008a500000, 0x00000000d7100000)
  object space 84992K, 3% used [0x0000000085200000,0x00000000854b6930,0x000000008a500000)
 Metaspace       used 20909K, capacity 21142K, committed 21296K, reserved 1069056K
  class space    used 2234K, capacity 2307K, committed 2352K, reserved 1048576K
}
Event: 3,351 GC heap before
{Heap before GC invocations=9 (full 1):
 PSYoungGen      total 130048K, used 4882K [0x00000000d7100000, 0x00000000df700000, 0x0000000100000000)
  eden space 124416K, 0% used [0x00000000d7100000,0x00000000d7100000,0x00000000dea80000)
  from space 5632K, 86% used [0x00000000df080000,0x00000000df5448e0,0x00000000df600000)
  to   space 6144K, 0% used [0x00000000dea80000,0x00000000dea80000,0x00000000df080000)
 ParOldGen       total 84992K, used 2778K [0x0000000085200000, 0x000000008a500000, 0x00000000d7100000)
  object space 84992K, 3% used [0x0000000085200000,0x00000000854b6930,0x000000008a500000)
 Metaspace       used 20909K, capacity 21142K, committed 21296K, reserved 1069056K
  class space    used 2234K, capacity 2307K, committed 2352K, reserved 1048576K
Event: 3,382 GC heap after
Heap after GC invocations=9 (full 1):
 PSYoungGen      total 130048K, used 0K [0x00000000d7100000, 0x00000000df700000, 0x0000000100000000)
  eden space 124416K, 0% used [0x00000000d7100000,0x00000000d7100000,0x00000000dea80000)
  from space 5632K, 0% used [0x00000000df080000,0x00000000df080000,0x00000000df600000)
  to   space 6144K, 0% used [0x00000000dea80000,0x00000000dea80000,0x00000000df080000)
 ParOldGen       total 47104K, used 6809K [0x0000000085200000, 0x0000000088000000, 0x00000000d7100000)
  object space 47104K, 14% used [0x0000000085200000,0x00000000858a6568,0x0000000088000000)
 Metaspace       used 20849K, capacity 21046K, committed 21296K, reserved 1069056K
  class space    used 2225K, capacity 2291K, committed 2352K, reserved 1048576K
}
Event: 4,468 GC heap before
{Heap before GC invocations=10 (full 1):
 PSYoungGen      total 130048K, used 124416K [0x00000000d7100000, 0x00000000df700000, 0x0000000100000000)
  eden space 124416K, 100% used [0x00000000d7100000,0x00000000dea80000,0x00000000dea80000)
  from space 5632K, 0% used [0x00000000df080000,0x00000000df080000,0x00000000df600000)
  to   space 6144K, 0% used [0x00000000dea80000,0x00000000dea80000,0x00000000df080000)
 ParOldGen       total 47104K, used 6809K [0x0000000085200000, 0x0000000088000000, 0x00000000d7100000)
  object space 47104K, 14% used [0x0000000085200000,0x00000000858a6568,0x0000000088000000)
 Metaspace       used 24521K, capacity 24864K, committed 25008K, reserved 1071104K
  class space    used 2569K, capacity 2662K, committed 2736K, reserved 1048576K

